mode: set
/home/diyorbek/Desktop/learn-go-basics-rebrain/main.go:19.64,21.16 2 1
/home/diyorbek/Desktop/learn-go-basics-rebrain/main.go:21.16,23.3 1 0
/home/diyorbek/Desktop/learn-go-basics-rebrain/main.go:25.2,25.20 1 1
/home/diyorbek/Desktop/learn-go-basics-rebrain/main.go:25.20,27.3 1 1
/home/diyorbek/Desktop/learn-go-basics-rebrain/main.go:29.2,29.21 1 1
/home/diyorbek/Desktop/learn-go-basics-rebrain/main.go:32.14,33.2 0 0
/home/diyorbek/Desktop/learn-go-basics-rebrain/main_mock.go:31.59,35.2 3 1
/home/diyorbek/Desktop/learn-go-basics-rebrain/main_mock.go:38.57,40.2 1 1
/home/diyorbek/Desktop/learn-go-basics-rebrain/main_mock.go:43.74,49.2 5 1
/home/diyorbek/Desktop/learn-go-basics-rebrain/main_mock.go:52.79,55.2 2 1
/home/diyorbek/Desktop/learn-go-basics-rebrain/main_mock.go:58.67,64.2 5 1
/home/diyorbek/Desktop/learn-go-basics-rebrain/main_mock.go:67.72,70.2 2 1
